<?xml version="1.0" encoding="UTF-8"?>
<testsuite xmlns:xsi="http://www.w3.org/2001/XMLSchema-instance" xsi:noNamespaceSchemaLocation="https://maven.apache.org/surefire/maven-surefire-plugin/xsd/surefire-test-report.xsd" name="com.nnk.springboot.testController.BidListControllerTest" time="1.817" tests="15" errors="11" skipped="0" failures="0">
  <properties>
    <property name="sun.desktop" value="windows"/>
    <property name="awt.toolkit" value="sun.awt.windows.WToolkit"/>
    <property name="file.encoding.pkg" value="sun.io"/>
    <property name="java.specification.version" value="1.8"/>
    <property name="sun.cpu.isalist" value="amd64"/>
    <property name="sun.jnu.encoding" value="Cp1252"/>
    <property name="java.class.path" value="D:\Openclassrooms\Projet7\JavaDA_PROJECT7_RESTAPI\Poseiden-skeleton\target\test-classes;D:\Openclassrooms\Projet7\JavaDA_PROJECT7_RESTAPI\Poseiden-skeleton\target\classes;C:\Users\Eric\.m2\repository\org\springframework\boot\spring-boot-starter-oauth2-client\2.5.5\spring-boot-starter-oauth2-client-2.5.5.jar;C:\Users\Eric\.m2\repository\org\springframework\boot\spring-boot-starter\2.0.4.RELEASE\spring-boot-starter-2.0.4.RELEASE.jar;C:\Users\Eric\.m2\repository\org\springframework\boot\spring-boot-starter-logging\2.0.4.RELEASE\spring-boot-starter-logging-2.0.4.RELEASE.jar;C:\Users\Eric\.m2\repository\ch\qos\logback\logback-classic\1.2.3\logback-classic-1.2.3.jar;C:\Users\Eric\.m2\repository\ch\qos\logback\logback-core\1.2.3\logback-core-1.2.3.jar;C:\Users\Eric\.m2\repository\org\apache\logging\log4j\log4j-to-slf4j\2.10.0\log4j-to-slf4j-2.10.0.jar;C:\Users\Eric\.m2\repository\org\apache\logging\log4j\log4j-api\2.10.0\log4j-api-2.10.0.jar;C:\Users\Eric\.m2\repository\org\slf4j\jul-to-slf4j\1.7.25\jul-to-slf4j-1.7.25.jar;C:\Users\Eric\.m2\repository\javax\annotation\javax.annotation-api\1.3.2\javax.annotation-api-1.3.2.jar;C:\Users\Eric\.m2\repository\org\yaml\snakeyaml\1.19\snakeyaml-1.19.jar;C:\Users\Eric\.m2\repository\com\sun\mail\jakarta.mail\1.6.7\jakarta.mail-1.6.7.jar;C:\Users\Eric\.m2\repository\com\sun\activation\jakarta.activation\1.2.1\jakarta.activation-1.2.1.jar;C:\Users\Eric\.m2\repository\org\springframework\security\spring-security-oauth2-client\5.0.7.RELEASE\spring-security-oauth2-client-5.0.7.RELEASE.jar;C:\Users\Eric\.m2\repository\com\nimbusds\oauth2-oidc-sdk\5.64.2\oauth2-oidc-sdk-5.64.2.jar;C:\Users\Eric\.m2\repository\javax\mail\mail\1.4.7\mail-1.4.7.jar;C:\Users\Eric\.m2\repository\javax\activation\activation\1.1\activation-1.1.jar;C:\Users\Eric\.m2\repository\com\github\stephenc\jcip\jcip-annotations\1.0-1\jcip-annotations-1.0-1.jar;C:\Users\Eric\.m2\repository\com\nimbusds\lang-tag\1.5\lang-tag-1.5.jar;C:\Users\Eric\.m2\repository\org\springframework\security\spring-security-oauth2-core\5.0.7.RELEASE\spring-security-oauth2-core-5.0.7.RELEASE.jar;C:\Users\Eric\.m2\repository\org\springframework\security\spring-security-oauth2-jose\5.0.7.RELEASE\spring-security-oauth2-jose-5.0.7.RELEASE.jar;C:\Users\Eric\.m2\repository\com\nimbusds\nimbus-jose-jwt\5.14\nimbus-jose-jwt-5.14.jar;C:\Users\Eric\.m2\repository\org\springframework\boot\spring-boot-starter-security\2.0.4.RELEASE\spring-boot-starter-security-2.0.4.RELEASE.jar;C:\Users\Eric\.m2\repository\org\springframework\spring-aop\5.0.8.RELEASE\spring-aop-5.0.8.RELEASE.jar;C:\Users\Eric\.m2\repository\org\springframework\security\spring-security-web\5.0.7.RELEASE\spring-security-web-5.0.7.RELEASE.jar;C:\Users\Eric\.m2\repository\org\springframework\security\spring-security-core\5.5.1\spring-security-core-5.5.1.jar;C:\Users\Eric\.m2\repository\org\springframework\security\spring-security-crypto\5.0.7.RELEASE\spring-security-crypto-5.0.7.RELEASE.jar;C:\Users\Eric\.m2\repository\org\springframework\spring-beans\5.0.8.RELEASE\spring-beans-5.0.8.RELEASE.jar;C:\Users\Eric\.m2\repository\org\springframework\spring-context\5.0.8.RELEASE\spring-context-5.0.8.RELEASE.jar;C:\Users\Eric\.m2\repository\org\springframework\spring-core\5.0.8.RELEASE\spring-core-5.0.8.RELEASE.jar;C:\Users\Eric\.m2\repository\org\springframework\spring-jcl\5.0.8.RELEASE\spring-jcl-5.0.8.RELEASE.jar;C:\Users\Eric\.m2\repository\org\springframework\spring-expression\5.0.8.RELEASE\spring-expression-5.0.8.RELEASE.jar;C:\Users\Eric\.m2\repository\org\springframework\security\spring-security-config\5.0.7.RELEASE\spring-security-config-5.0.7.RELEASE.jar;C:\Users\Eric\.m2\repository\org\springframework\security\spring-security-test\5.0.5.RELEASE\spring-security-test-5.0.5.RELEASE.jar;C:\Users\Eric\.m2\repository\org\springframework\spring-test\5.0.8.RELEASE\spring-test-5.0.8.RELEASE.jar;C:\Users\Eric\.m2\repository\mysql\mysql-connector-java\8.0.17\mysql-connector-java-8.0.17.jar;C:\Users\Eric\.m2\repository\com\google\protobuf\protobuf-java\3.6.1\protobuf-java-3.6.1.jar;C:\Users\Eric\.m2\repository\org\springframework\boot\spring-boot-starter-data-jpa\2.0.4.RELEASE\spring-boot-starter-data-jpa-2.0.4.RELEASE.jar;C:\Users\Eric\.m2\repository\org\springframework\boot\spring-boot-starter-aop\2.0.4.RELEASE\spring-boot-starter-aop-2.0.4.RELEASE.jar;C:\Users\Eric\.m2\repository\org\aspectj\aspectjweaver\1.8.13\aspectjweaver-1.8.13.jar;C:\Users\Eric\.m2\repository\org\springframework\boot\spring-boot-starter-jdbc\2.0.4.RELEASE\spring-boot-starter-jdbc-2.0.4.RELEASE.jar;C:\Users\Eric\.m2\repository\com\zaxxer\HikariCP\2.7.9\HikariCP-2.7.9.jar;C:\Users\Eric\.m2\repository\org\springframework\spring-jdbc\5.0.8.RELEASE\spring-jdbc-5.0.8.RELEASE.jar;C:\Users\Eric\.m2\repository\org\hibernate\hibernate-core\5.2.17.Final\hibernate-core-5.2.17.Final.jar;C:\Users\Eric\.m2\repository\org\jboss\logging\jboss-logging\3.3.2.Final\jboss-logging-3.3.2.Final.jar;C:\Users\Eric\.m2\repository\org\hibernate\javax\persistence\hibernate-jpa-2.1-api\1.0.2.Final\hibernate-jpa-2.1-api-1.0.2.Final.jar;C:\Users\Eric\.m2\repository\org\javassist\javassist\3.22.0-GA\javassist-3.22.0-GA.jar;C:\Users\Eric\.m2\repository\antlr\antlr\2.7.7\antlr-2.7.7.jar;C:\Users\Eric\.m2\repository\org\jboss\jandex\2.0.3.Final\jandex-2.0.3.Final.jar;C:\Users\Eric\.m2\repository\com\fasterxml\classmate\1.3.4\classmate-1.3.4.jar;C:\Users\Eric\.m2\repository\dom4j\dom4j\1.6.1\dom4j-1.6.1.jar;C:\Users\Eric\.m2\repository\org\hibernate\common\hibernate-commons-annotations\5.0.1.Final\hibernate-commons-annotations-5.0.1.Final.jar;C:\Users\Eric\.m2\repository\javax\transaction\javax.transaction-api\1.2\javax.transaction-api-1.2.jar;C:\Users\Eric\.m2\repository\org\springframework\data\spring-data-jpa\2.0.9.RELEASE\spring-data-jpa-2.0.9.RELEASE.jar;C:\Users\Eric\.m2\repository\org\springframework\data\spring-data-commons\2.0.9.RELEASE\spring-data-commons-2.0.9.RELEASE.jar;C:\Users\Eric\.m2\repository\org\springframework\spring-orm\5.0.8.RELEASE\spring-orm-5.0.8.RELEASE.jar;C:\Users\Eric\.m2\repository\org\springframework\spring-tx\5.0.8.RELEASE\spring-tx-5.0.8.RELEASE.jar;C:\Users\Eric\.m2\repository\org\slf4j\slf4j-api\1.7.25\slf4j-api-1.7.25.jar;C:\Users\Eric\.m2\repository\org\springframework\spring-aspects\5.0.8.RELEASE\spring-aspects-5.0.8.RELEASE.jar;C:\Users\Eric\.m2\repository\org\springframework\boot\spring-boot-starter-web\2.0.4.RELEASE\spring-boot-starter-web-2.0.4.RELEASE.jar;C:\Users\Eric\.m2\repository\org\springframework\boot\spring-boot-starter-json\2.0.4.RELEASE\spring-boot-starter-json-2.0.4.RELEASE.jar;C:\Users\Eric\.m2\repository\com\fasterxml\jackson\core\jackson-databind\2.9.6\jackson-databind-2.9.6.jar;C:\Users\Eric\.m2\repository\com\fasterxml\jackson\core\jackson-annotations\2.9.0\jackson-annotations-2.9.0.jar;C:\Users\Eric\.m2\repository\com\fasterxml\jackson\core\jackson-core\2.9.6\jackson-core-2.9.6.jar;C:\Users\Eric\.m2\repository\com\fasterxml\jackson\datatype\jackson-datatype-jdk8\2.9.6\jackson-datatype-jdk8-2.9.6.jar;C:\Users\Eric\.m2\repository\com\fasterxml\jackson\datatype\jackson-datatype-jsr310\2.9.6\jackson-datatype-jsr310-2.9.6.jar;C:\Users\Eric\.m2\repository\com\fasterxml\jackson\module\jackson-module-parameter-names\2.9.6\jackson-module-parameter-names-2.9.6.jar;C:\Users\Eric\.m2\repository\org\springframework\boot\spring-boot-starter-tomcat\2.0.4.RELEASE\spring-boot-starter-tomcat-2.0.4.RELEASE.jar;C:\Users\Eric\.m2\repository\org\apache\tomcat\embed\tomcat-embed-core\8.5.32\tomcat-embed-core-8.5.32.jar;C:\Users\Eric\.m2\repository\org\apache\tomcat\embed\tomcat-embed-el\8.5.32\tomcat-embed-el-8.5.32.jar;C:\Users\Eric\.m2\repository\org\apache\tomcat\embed\tomcat-embed-websocket\8.5.32\tomcat-embed-websocket-8.5.32.jar;C:\Users\Eric\.m2\repository\org\hibernate\validator\hibernate-validator\6.0.11.Final\hibernate-validator-6.0.11.Final.jar;C:\Users\Eric\.m2\repository\javax\validation\validation-api\2.0.1.Final\validation-api-2.0.1.Final.jar;C:\Users\Eric\.m2\repository\org\springframework\spring-web\5.0.8.RELEASE\spring-web-5.0.8.RELEASE.jar;C:\Users\Eric\.m2\repository\org\springframework\spring-webmvc\5.0.8.RELEASE\spring-webmvc-5.0.8.RELEASE.jar;C:\Users\Eric\.m2\repository\org\springframework\boot\spring-boot-starter-test\2.0.4.RELEASE\spring-boot-starter-test-2.0.4.RELEASE.jar;C:\Users\Eric\.m2\repository\org\springframework\boot\spring-boot-test\2.0.4.RELEASE\spring-boot-test-2.0.4.RELEASE.jar;C:\Users\Eric\.m2\repository\org\springframework\boot\spring-boot-test-autoconfigure\2.0.4.RELEASE\spring-boot-test-autoconfigure-2.0.4.RELEASE.jar;C:\Users\Eric\.m2\repository\com\jayway\jsonpath\json-path\2.4.0\json-path-2.4.0.jar;C:\Users\Eric\.m2\repository\net\minidev\json-smart\2.3\json-smart-2.3.jar;C:\Users\Eric\.m2\repository\net\minidev\accessors-smart\1.2\accessors-smart-1.2.jar;C:\Users\Eric\.m2\repository\junit\junit\4.12\junit-4.12.jar;C:\Users\Eric\.m2\repository\org\assertj\assertj-core\3.9.1\assertj-core-3.9.1.jar;C:\Users\Eric\.m2\repository\org\mockito\mockito-core\2.15.0\mockito-core-2.15.0.jar;C:\Users\Eric\.m2\repository\net\bytebuddy\byte-buddy\1.7.11\byte-buddy-1.7.11.jar;C:\Users\Eric\.m2\repository\net\bytebuddy\byte-buddy-agent\1.7.11\byte-buddy-agent-1.7.11.jar;C:\Users\Eric\.m2\repository\org\objenesis\objenesis\2.6\objenesis-2.6.jar;C:\Users\Eric\.m2\repository\org\hamcrest\hamcrest-core\1.3\hamcrest-core-1.3.jar;C:\Users\Eric\.m2\repository\org\hamcrest\hamcrest-library\1.3\hamcrest-library-1.3.jar;C:\Users\Eric\.m2\repository\org\skyscreamer\jsonassert\1.5.0\jsonassert-1.5.0.jar;C:\Users\Eric\.m2\repository\com\vaadin\external\google\android-json\0.0.20131108.vaadin1\android-json-0.0.20131108.vaadin1.jar;C:\Users\Eric\.m2\repository\org\xmlunit\xmlunit-core\2.5.1\xmlunit-core-2.5.1.jar;C:\Users\Eric\.m2\repository\org\springframework\boot\spring-boot-starter-thymeleaf\2.0.4.RELEASE\spring-boot-starter-thymeleaf-2.0.4.RELEASE.jar;C:\Users\Eric\.m2\repository\org\thymeleaf\thymeleaf-spring5\3.0.9.RELEASE\thymeleaf-spring5-3.0.9.RELEASE.jar;C:\Users\Eric\.m2\repository\org\thymeleaf\thymeleaf\3.0.9.RELEASE\thymeleaf-3.0.9.RELEASE.jar;C:\Users\Eric\.m2\repository\org\attoparser\attoparser\2.0.4.RELEASE\attoparser-2.0.4.RELEASE.jar;C:\Users\Eric\.m2\repository\org\unbescape\unbescape\1.1.5.RELEASE\unbescape-1.1.5.RELEASE.jar;C:\Users\Eric\.m2\repository\org\thymeleaf\extras\thymeleaf-extras-java8time\3.0.1.RELEASE\thymeleaf-extras-java8time-3.0.1.RELEASE.jar;C:\Users\Eric\.m2\repository\org\springframework\boot\spring-boot-devtools\2.0.4.RELEASE\spring-boot-devtools-2.0.4.RELEASE.jar;C:\Users\Eric\.m2\repository\org\springframework\boot\spring-boot\2.0.4.RELEASE\spring-boot-2.0.4.RELEASE.jar;C:\Users\Eric\.m2\repository\org\springframework\boot\spring-boot-autoconfigure\2.0.4.RELEASE\spring-boot-autoconfigure-2.0.4.RELEASE.jar;C:\Users\Eric\.m2\repository\com\h2database\h2\1.4.197\h2-1.4.197.jar;C:\Users\Eric\.m2\repository\org\projectlombok\lombok\1.16.22\lombok-1.16.22.jar;C:\Users\Eric\.m2\repository\jakarta\validation\jakarta.validation-api\3.0.0\jakarta.validation-api-3.0.0.jar;C:\Users\Eric\.m2\repository\org\apache\maven\plugins\maven-surefire-plugin\2.22.2\maven-surefire-plugin-2.22.2.jar;C:\Users\Eric\.m2\repository\org\apache\maven\surefire\maven-surefire-common\2.22.2\maven-surefire-common-2.22.2.jar;C:\Users\Eric\.m2\repository\org\apache\maven\plugin-tools\maven-plugin-annotations\3.5.2\maven-plugin-annotations-3.5.2.jar;C:\Users\Eric\.m2\repository\org\apache\maven\surefire\surefire-api\2.22.2\surefire-api-2.22.2.jar;C:\Users\Eric\.m2\repository\org\apache\maven\surefire\surefire-logger-api\2.22.2\surefire-logger-api-2.22.2.jar;C:\Users\Eric\.m2\repository\org\apache\maven\surefire\surefire-booter\2.22.2\surefire-booter-2.22.2.jar;C:\Users\Eric\.m2\repository\org\apache\maven\maven-artifact\2.2.1\maven-artifact-2.2.1.jar;C:\Users\Eric\.m2\repository\org\apache\maven\maven-plugin-descriptor\2.2.1\maven-plugin-descriptor-2.2.1.jar;C:\Users\Eric\.m2\repository\org\apache\maven\maven-project\2.2.1\maven-project-2.2.1.jar;C:\Users\Eric\.m2\repository\org\apache\maven\maven-profile\2.2.1\maven-profile-2.2.1.jar;C:\Users\Eric\.m2\repository\org\apache\maven\maven-artifact-manager\2.2.1\maven-artifact-manager-2.2.1.jar;C:\Users\Eric\.m2\repository\backport-util-concurrent\backport-util-concurrent\3.1\backport-util-concurrent-3.1.jar;C:\Users\Eric\.m2\repository\org\apache\maven\maven-plugin-registry\2.2.1\maven-plugin-registry-2.2.1.jar;C:\Users\Eric\.m2\repository\org\apache\maven\maven-model\2.2.1\maven-model-2.2.1.jar;C:\Users\Eric\.m2\repository\org\apache\maven\maven-toolchain\2.2.1\maven-toolchain-2.2.1.jar;C:\Users\Eric\.m2\repository\org\codehaus\plexus\plexus-java\0.9.10\plexus-java-0.9.10.jar;C:\Users\Eric\.m2\repository\com\thoughtworks\qdox\qdox\2.0-M8\qdox-2.0-M8.jar;C:\Users\Eric\.m2\repository\org\junit\vintage\junit-vintage-engine\5.8.0-M1\junit-vintage-engine-5.8.0-M1.jar;C:\Users\Eric\.m2\repository\org\apiguardian\apiguardian-api\1.1.1\apiguardian-api-1.1.1.jar;C:\Users\Eric\.m2\repository\org\junit\platform\junit-platform-engine\1.8.0-M1\junit-platform-engine-1.8.0-M1.jar;C:\Users\Eric\.m2\repository\org\junit\jupiter\junit-jupiter-api\5.8.0-M1\junit-jupiter-api-5.8.0-M1.jar;C:\Users\Eric\.m2\repository\org\opentest4j\opentest4j\1.2.0\opentest4j-1.2.0.jar;C:\Users\Eric\.m2\repository\org\junit\platform\junit-platform-commons\1.8.0-M1\junit-platform-commons-1.8.0-M1.jar;C:\Users\Eric\.m2\repository\org\junit\jupiter\junit-jupiter-engine\5.8.0-M1\junit-jupiter-engine-5.8.0-M1.jar;C:\Users\Eric\.m2\repository\org\jetbrains\kotlin\kotlin-stdlib-jdk8\1.2.51\kotlin-stdlib-jdk8-1.2.51.jar;C:\Users\Eric\.m2\repository\org\jetbrains\kotlin\kotlin-stdlib\1.2.51\kotlin-stdlib-1.2.51.jar;C:\Users\Eric\.m2\repository\org\jetbrains\kotlin\kotlin-stdlib-common\1.2.51\kotlin-stdlib-common-1.2.51.jar;C:\Users\Eric\.m2\repository\org\jetbrains\annotations\13.0\annotations-13.0.jar;C:\Users\Eric\.m2\repository\org\jetbrains\kotlin\kotlin-stdlib-jdk7\1.2.51\kotlin-stdlib-jdk7-1.2.51.jar;C:\Users\Eric\.m2\repository\org\junit\jupiter\junit-jupiter-params\5.8.0-M1\junit-jupiter-params-5.8.0-M1.jar;C:\Users\Eric\.m2\repository\org\mockito\mockito-junit-jupiter\2.23.4\mockito-junit-jupiter-2.23.4.jar;C:\Users\Eric\.m2\repository\org\jacoco\jacoco-maven-plugin\0.8.7\jacoco-maven-plugin-0.8.7.jar;C:\Users\Eric\.m2\repository\org\apache\maven\maven-plugin-api\3.0\maven-plugin-api-3.0.jar;C:\Users\Eric\.m2\repository\org\sonatype\sisu\sisu-inject-plexus\1.4.2\sisu-inject-plexus-1.4.2.jar;C:\Users\Eric\.m2\repository\org\sonatype\sisu\sisu-inject-bean\1.4.2\sisu-inject-bean-1.4.2.jar;C:\Users\Eric\.m2\repository\org\sonatype\sisu\sisu-guice\2.1.7\sisu-guice-2.1.7-noaop.jar;C:\Users\Eric\.m2\repository\org\apache\maven\maven-core\3.0\maven-core-3.0.jar;C:\Users\Eric\.m2\repository\org\apache\maven\maven-settings\3.0\maven-settings-3.0.jar;C:\Users\Eric\.m2\repository\org\apache\maven\maven-settings-builder\3.0\maven-settings-builder-3.0.jar;C:\Users\Eric\.m2\repository\org\apache\maven\maven-repository-metadata\3.0\maven-repository-metadata-3.0.jar;C:\Users\Eric\.m2\repository\org\apache\maven\maven-model-builder\3.0\maven-model-builder-3.0.jar;C:\Users\Eric\.m2\repository\org\apache\maven\maven-aether-provider\3.0\maven-aether-provider-3.0.jar;C:\Users\Eric\.m2\repository\org\sonatype\aether\aether-impl\1.7\aether-impl-1.7.jar;C:\Users\Eric\.m2\repository\org\sonatype\aether\aether-spi\1.7\aether-spi-1.7.jar;C:\Users\Eric\.m2\repository\org\sonatype\aether\aether-api\1.7\aether-api-1.7.jar;C:\Users\Eric\.m2\repository\org\sonatype\aether\aether-util\1.7\aether-util-1.7.jar;C:\Users\Eric\.m2\repository\org\codehaus\plexus\plexus-interpolation\1.14\plexus-interpolation-1.14.jar;C:\Users\Eric\.m2\repository\org\codehaus\plexus\plexus-classworlds\2.2.3\plexus-classworlds-2.2.3.jar;C:\Users\Eric\.m2\repository\org\codehaus\plexus\plexus-component-annotations\1.5.5\plexus-component-annotations-1.5.5.jar;C:\Users\Eric\.m2\repository\org\sonatype\plexus\plexus-sec-dispatcher\1.3\plexus-sec-dispatcher-1.3.jar;C:\Users\Eric\.m2\repository\org\sonatype\plexus\plexus-cipher\1.4\plexus-cipher-1.4.jar;C:\Users\Eric\.m2\repository\org\codehaus\plexus\plexus-utils\3.0.22\plexus-utils-3.0.22.jar;C:\Users\Eric\.m2\repository\org\apache\maven\shared\file-management\1.2.1\file-management-1.2.1.jar;C:\Users\Eric\.m2\repository\org\apache\maven\shared\maven-shared-io\1.1\maven-shared-io-1.1.jar;C:\Users\Eric\.m2\repository\org\apache\maven\wagon\wagon-provider-api\1.0-alpha-6\wagon-provider-api-1.0-alpha-6.jar;C:\Users\Eric\.m2\repository\org\codehaus\plexus\plexus-container-default\1.0-alpha-9\plexus-container-default-1.0-alpha-9.jar;C:\Users\Eric\.m2\repository\classworlds\classworlds\1.1-alpha-2\classworlds-1.1-alpha-2.jar;C:\Users\Eric\.m2\repository\org\apache\maven\reporting\maven-reporting-api\3.0\maven-reporting-api-3.0.jar;C:\Users\Eric\.m2\repository\org\apache\maven\doxia\doxia-sink-api\1.0\doxia-sink-api-1.0.jar;C:\Users\Eric\.m2\repository\org\jacoco\org.jacoco.agent\0.8.7\org.jacoco.agent-0.8.7-runtime.jar;C:\Users\Eric\.m2\repository\org\jacoco\org.jacoco.core\0.8.7\org.jacoco.core-0.8.7.jar;C:\Users\Eric\.m2\repository\org\ow2\asm\asm\9.1\asm-9.1.jar;C:\Users\Eric\.m2\repository\org\ow2\asm\asm-commons\9.1\asm-commons-9.1.jar;C:\Users\Eric\.m2\repository\org\ow2\asm\asm-analysis\9.1\asm-analysis-9.1.jar;C:\Users\Eric\.m2\repository\org\ow2\asm\asm-tree\9.1\asm-tree-9.1.jar;C:\Users\Eric\.m2\repository\org\jacoco\org.jacoco.report\0.8.7\org.jacoco.report-0.8.7.jar;"/>
    <property name="java.vm.vendor" value="Oracle Corporation"/>
    <property name="sun.arch.data.model" value="64"/>
    <property name="user.variant" value=""/>
    <property name="java.vendor.url" value="http://java.oracle.com/"/>
    <property name="user.timezone" value="Europe/Paris"/>
    <property name="java.vm.specification.version" value="1.8"/>
    <property name="os.name" value="Windows 10"/>
    <property name="user.country" value="FR"/>
    <property name="sun.java.launcher" value="SUN_STANDARD"/>
    <property name="sun.boot.library.path" value="C:\Program Files\Java\jdk1.8.0_202\jre\bin"/>
    <property name="sun.java.command" value="C:\Users\Eric\AppData\Local\Temp\surefire238438740145012030\surefirebooter3704995620174293734.jar C:\Users\Eric\AppData\Local\Temp\surefire238438740145012030 2021-11-21T14-07-09_834-jvmRun1 surefire7261644547953708287tmp surefire_07377547991619397294tmp"/>
    <property name="surefire.test.class.path" value="D:\Openclassrooms\Projet7\JavaDA_PROJECT7_RESTAPI\Poseiden-skeleton\target\test-classes;D:\Openclassrooms\Projet7\JavaDA_PROJECT7_RESTAPI\Poseiden-skeleton\target\classes;C:\Users\Eric\.m2\repository\org\springframework\boot\spring-boot-starter-oauth2-client\2.5.5\spring-boot-starter-oauth2-client-2.5.5.jar;C:\Users\Eric\.m2\repository\org\springframework\boot\spring-boot-starter\2.0.4.RELEASE\spring-boot-starter-2.0.4.RELEASE.jar;C:\Users\Eric\.m2\repository\org\springframework\boot\spring-boot-starter-logging\2.0.4.RELEASE\spring-boot-starter-logging-2.0.4.RELEASE.jar;C:\Users\Eric\.m2\repository\ch\qos\logback\logback-classic\1.2.3\logback-classic-1.2.3.jar;C:\Users\Eric\.m2\repository\ch\qos\logback\logback-core\1.2.3\logback-core-1.2.3.jar;C:\Users\Eric\.m2\repository\org\apache\logging\log4j\log4j-to-slf4j\2.10.0\log4j-to-slf4j-2.10.0.jar;C:\Users\Eric\.m2\repository\org\apache\logging\log4j\log4j-api\2.10.0\log4j-api-2.10.0.jar;C:\Users\Eric\.m2\repository\org\slf4j\jul-to-slf4j\1.7.25\jul-to-slf4j-1.7.25.jar;C:\Users\Eric\.m2\repository\javax\annotation\javax.annotation-api\1.3.2\javax.annotation-api-1.3.2.jar;C:\Users\Eric\.m2\repository\org\yaml\snakeyaml\1.19\snakeyaml-1.19.jar;C:\Users\Eric\.m2\repository\com\sun\mail\jakarta.mail\1.6.7\jakarta.mail-1.6.7.jar;C:\Users\Eric\.m2\repository\com\sun\activation\jakarta.activation\1.2.1\jakarta.activation-1.2.1.jar;C:\Users\Eric\.m2\repository\org\springframework\security\spring-security-oauth2-client\5.0.7.RELEASE\spring-security-oauth2-client-5.0.7.RELEASE.jar;C:\Users\Eric\.m2\repository\com\nimbusds\oauth2-oidc-sdk\5.64.2\oauth2-oidc-sdk-5.64.2.jar;C:\Users\Eric\.m2\repository\javax\mail\mail\1.4.7\mail-1.4.7.jar;C:\Users\Eric\.m2\repository\javax\activation\activation\1.1\activation-1.1.jar;C:\Users\Eric\.m2\repository\com\github\stephenc\jcip\jcip-annotations\1.0-1\jcip-annotations-1.0-1.jar;C:\Users\Eric\.m2\repository\com\nimbusds\lang-tag\1.5\lang-tag-1.5.jar;C:\Users\Eric\.m2\repository\org\springframework\security\spring-security-oauth2-core\5.0.7.RELEASE\spring-security-oauth2-core-5.0.7.RELEASE.jar;C:\Users\Eric\.m2\repository\org\springframework\security\spring-security-oauth2-jose\5.0.7.RELEASE\spring-security-oauth2-jose-5.0.7.RELEASE.jar;C:\Users\Eric\.m2\repository\com\nimbusds\nimbus-jose-jwt\5.14\nimbus-jose-jwt-5.14.jar;C:\Users\Eric\.m2\repository\org\springframework\boot\spring-boot-starter-security\2.0.4.RELEASE\spring-boot-starter-security-2.0.4.RELEASE.jar;C:\Users\Eric\.m2\repository\org\springframework\spring-aop\5.0.8.RELEASE\spring-aop-5.0.8.RELEASE.jar;C:\Users\Eric\.m2\repository\org\springframework\security\spring-security-web\5.0.7.RELEASE\spring-security-web-5.0.7.RELEASE.jar;C:\Users\Eric\.m2\repository\org\springframework\security\spring-security-core\5.5.1\spring-security-core-5.5.1.jar;C:\Users\Eric\.m2\repository\org\springframework\security\spring-security-crypto\5.0.7.RELEASE\spring-security-crypto-5.0.7.RELEASE.jar;C:\Users\Eric\.m2\repository\org\springframework\spring-beans\5.0.8.RELEASE\spring-beans-5.0.8.RELEASE.jar;C:\Users\Eric\.m2\repository\org\springframework\spring-context\5.0.8.RELEASE\spring-context-5.0.8.RELEASE.jar;C:\Users\Eric\.m2\repository\org\springframework\spring-core\5.0.8.RELEASE\spring-core-5.0.8.RELEASE.jar;C:\Users\Eric\.m2\repository\org\springframework\spring-jcl\5.0.8.RELEASE\spring-jcl-5.0.8.RELEASE.jar;C:\Users\Eric\.m2\repository\org\springframework\spring-expression\5.0.8.RELEASE\spring-expression-5.0.8.RELEASE.jar;C:\Users\Eric\.m2\repository\org\springframework\security\spring-security-config\5.0.7.RELEASE\spring-security-config-5.0.7.RELEASE.jar;C:\Users\Eric\.m2\repository\org\springframework\security\spring-security-test\5.0.5.RELEASE\spring-security-test-5.0.5.RELEASE.jar;C:\Users\Eric\.m2\repository\org\springframework\spring-test\5.0.8.RELEASE\spring-test-5.0.8.RELEASE.jar;C:\Users\Eric\.m2\repository\mysql\mysql-connector-java\8.0.17\mysql-connector-java-8.0.17.jar;C:\Users\Eric\.m2\repository\com\google\protobuf\protobuf-java\3.6.1\protobuf-java-3.6.1.jar;C:\Users\Eric\.m2\repository\org\springframework\boot\spring-boot-starter-data-jpa\2.0.4.RELEASE\spring-boot-starter-data-jpa-2.0.4.RELEASE.jar;C:\Users\Eric\.m2\repository\org\springframework\boot\spring-boot-starter-aop\2.0.4.RELEASE\spring-boot-starter-aop-2.0.4.RELEASE.jar;C:\Users\Eric\.m2\repository\org\aspectj\aspectjweaver\1.8.13\aspectjweaver-1.8.13.jar;C:\Users\Eric\.m2\repository\org\springframework\boot\spring-boot-starter-jdbc\2.0.4.RELEASE\spring-boot-starter-jdbc-2.0.4.RELEASE.jar;C:\Users\Eric\.m2\repository\com\zaxxer\HikariCP\2.7.9\HikariCP-2.7.9.jar;C:\Users\Eric\.m2\repository\org\springframework\spring-jdbc\5.0.8.RELEASE\spring-jdbc-5.0.8.RELEASE.jar;C:\Users\Eric\.m2\repository\org\hibernate\hibernate-core\5.2.17.Final\hibernate-core-5.2.17.Final.jar;C:\Users\Eric\.m2\repository\org\jboss\logging\jboss-logging\3.3.2.Final\jboss-logging-3.3.2.Final.jar;C:\Users\Eric\.m2\repository\org\hibernate\javax\persistence\hibernate-jpa-2.1-api\1.0.2.Final\hibernate-jpa-2.1-api-1.0.2.Final.jar;C:\Users\Eric\.m2\repository\org\javassist\javassist\3.22.0-GA\javassist-3.22.0-GA.jar;C:\Users\Eric\.m2\repository\antlr\antlr\2.7.7\antlr-2.7.7.jar;C:\Users\Eric\.m2\repository\org\jboss\jandex\2.0.3.Final\jandex-2.0.3.Final.jar;C:\Users\Eric\.m2\repository\com\fasterxml\classmate\1.3.4\classmate-1.3.4.jar;C:\Users\Eric\.m2\repository\dom4j\dom4j\1.6.1\dom4j-1.6.1.jar;C:\Users\Eric\.m2\repository\org\hibernate\common\hibernate-commons-annotations\5.0.1.Final\hibernate-commons-annotations-5.0.1.Final.jar;C:\Users\Eric\.m2\repository\javax\transaction\javax.transaction-api\1.2\javax.transaction-api-1.2.jar;C:\Users\Eric\.m2\repository\org\springframework\data\spring-data-jpa\2.0.9.RELEASE\spring-data-jpa-2.0.9.RELEASE.jar;C:\Users\Eric\.m2\repository\org\springframework\data\spring-data-commons\2.0.9.RELEASE\spring-data-commons-2.0.9.RELEASE.jar;C:\Users\Eric\.m2\repository\org\springframework\spring-orm\5.0.8.RELEASE\spring-orm-5.0.8.RELEASE.jar;C:\Users\Eric\.m2\repository\org\springframework\spring-tx\5.0.8.RELEASE\spring-tx-5.0.8.RELEASE.jar;C:\Users\Eric\.m2\repository\org\slf4j\slf4j-api\1.7.25\slf4j-api-1.7.25.jar;C:\Users\Eric\.m2\repository\org\springframework\spring-aspects\5.0.8.RELEASE\spring-aspects-5.0.8.RELEASE.jar;C:\Users\Eric\.m2\repository\org\springframework\boot\spring-boot-starter-web\2.0.4.RELEASE\spring-boot-starter-web-2.0.4.RELEASE.jar;C:\Users\Eric\.m2\repository\org\springframework\boot\spring-boot-starter-json\2.0.4.RELEASE\spring-boot-starter-json-2.0.4.RELEASE.jar;C:\Users\Eric\.m2\repository\com\fasterxml\jackson\core\jackson-databind\2.9.6\jackson-databind-2.9.6.jar;C:\Users\Eric\.m2\repository\com\fasterxml\jackson\core\jackson-annotations\2.9.0\jackson-annotations-2.9.0.jar;C:\Users\Eric\.m2\repository\com\fasterxml\jackson\core\jackson-core\2.9.6\jackson-core-2.9.6.jar;C:\Users\Eric\.m2\repository\com\fasterxml\jackson\datatype\jackson-datatype-jdk8\2.9.6\jackson-datatype-jdk8-2.9.6.jar;C:\Users\Eric\.m2\repository\com\fasterxml\jackson\datatype\jackson-datatype-jsr310\2.9.6\jackson-datatype-jsr310-2.9.6.jar;C:\Users\Eric\.m2\repository\com\fasterxml\jackson\module\jackson-module-parameter-names\2.9.6\jackson-module-parameter-names-2.9.6.jar;C:\Users\Eric\.m2\repository\org\springframework\boot\spring-boot-starter-tomcat\2.0.4.RELEASE\spring-boot-starter-tomcat-2.0.4.RELEASE.jar;C:\Users\Eric\.m2\repository\org\apache\tomcat\embed\tomcat-embed-core\8.5.32\tomcat-embed-core-8.5.32.jar;C:\Users\Eric\.m2\repository\org\apache\tomcat\embed\tomcat-embed-el\8.5.32\tomcat-embed-el-8.5.32.jar;C:\Users\Eric\.m2\repository\org\apache\tomcat\embed\tomcat-embed-websocket\8.5.32\tomcat-embed-websocket-8.5.32.jar;C:\Users\Eric\.m2\repository\org\hibernate\validator\hibernate-validator\6.0.11.Final\hibernate-validator-6.0.11.Final.jar;C:\Users\Eric\.m2\repository\javax\validation\validation-api\2.0.1.Final\validation-api-2.0.1.Final.jar;C:\Users\Eric\.m2\repository\org\springframework\spring-web\5.0.8.RELEASE\spring-web-5.0.8.RELEASE.jar;C:\Users\Eric\.m2\repository\org\springframework\spring-webmvc\5.0.8.RELEASE\spring-webmvc-5.0.8.RELEASE.jar;C:\Users\Eric\.m2\repository\org\springframework\boot\spring-boot-starter-test\2.0.4.RELEASE\spring-boot-starter-test-2.0.4.RELEASE.jar;C:\Users\Eric\.m2\repository\org\springframework\boot\spring-boot-test\2.0.4.RELEASE\spring-boot-test-2.0.4.RELEASE.jar;C:\Users\Eric\.m2\repository\org\springframework\boot\spring-boot-test-autoconfigure\2.0.4.RELEASE\spring-boot-test-autoconfigure-2.0.4.RELEASE.jar;C:\Users\Eric\.m2\repository\com\jayway\jsonpath\json-path\2.4.0\json-path-2.4.0.jar;C:\Users\Eric\.m2\repository\net\minidev\json-smart\2.3\json-smart-2.3.jar;C:\Users\Eric\.m2\repository\net\minidev\accessors-smart\1.2\accessors-smart-1.2.jar;C:\Users\Eric\.m2\repository\junit\junit\4.12\junit-4.12.jar;C:\Users\Eric\.m2\repository\org\assertj\assertj-core\3.9.1\assertj-core-3.9.1.jar;C:\Users\Eric\.m2\repository\org\mockito\mockito-core\2.15.0\mockito-core-2.15.0.jar;C:\Users\Eric\.m2\repository\net\bytebuddy\byte-buddy\1.7.11\byte-buddy-1.7.11.jar;C:\Users\Eric\.m2\repository\net\bytebuddy\byte-buddy-agent\1.7.11\byte-buddy-agent-1.7.11.jar;C:\Users\Eric\.m2\repository\org\objenesis\objenesis\2.6\objenesis-2.6.jar;C:\Users\Eric\.m2\repository\org\hamcrest\hamcrest-core\1.3\hamcrest-core-1.3.jar;C:\Users\Eric\.m2\repository\org\hamcrest\hamcrest-library\1.3\hamcrest-library-1.3.jar;C:\Users\Eric\.m2\repository\org\skyscreamer\jsonassert\1.5.0\jsonassert-1.5.0.jar;C:\Users\Eric\.m2\repository\com\vaadin\external\google\android-json\0.0.20131108.vaadin1\android-json-0.0.20131108.vaadin1.jar;C:\Users\Eric\.m2\repository\org\xmlunit\xmlunit-core\2.5.1\xmlunit-core-2.5.1.jar;C:\Users\Eric\.m2\repository\org\springframework\boot\spring-boot-starter-thymeleaf\2.0.4.RELEASE\spring-boot-starter-thymeleaf-2.0.4.RELEASE.jar;C:\Users\Eric\.m2\repository\org\thymeleaf\thymeleaf-spring5\3.0.9.RELEASE\thymeleaf-spring5-3.0.9.RELEASE.jar;C:\Users\Eric\.m2\repository\org\thymeleaf\thymeleaf\3.0.9.RELEASE\thymeleaf-3.0.9.RELEASE.jar;C:\Users\Eric\.m2\repository\org\attoparser\attoparser\2.0.4.RELEASE\attoparser-2.0.4.RELEASE.jar;C:\Users\Eric\.m2\repository\org\unbescape\unbescape\1.1.5.RELEASE\unbescape-1.1.5.RELEASE.jar;C:\Users\Eric\.m2\repository\org\thymeleaf\extras\thymeleaf-extras-java8time\3.0.1.RELEASE\thymeleaf-extras-java8time-3.0.1.RELEASE.jar;C:\Users\Eric\.m2\repository\org\springframework\boot\spring-boot-devtools\2.0.4.RELEASE\spring-boot-devtools-2.0.4.RELEASE.jar;C:\Users\Eric\.m2\repository\org\springframework\boot\spring-boot\2.0.4.RELEASE\spring-boot-2.0.4.RELEASE.jar;C:\Users\Eric\.m2\repository\org\springframework\boot\spring-boot-autoconfigure\2.0.4.RELEASE\spring-boot-autoconfigure-2.0.4.RELEASE.jar;C:\Users\Eric\.m2\repository\com\h2database\h2\1.4.197\h2-1.4.197.jar;C:\Users\Eric\.m2\repository\org\projectlombok\lombok\1.16.22\lombok-1.16.22.jar;C:\Users\Eric\.m2\repository\jakarta\validation\jakarta.validation-api\3.0.0\jakarta.validation-api-3.0.0.jar;C:\Users\Eric\.m2\repository\org\apache\maven\plugins\maven-surefire-plugin\2.22.2\maven-surefire-plugin-2.22.2.jar;C:\Users\Eric\.m2\repository\org\apache\maven\surefire\maven-surefire-common\2.22.2\maven-surefire-common-2.22.2.jar;C:\Users\Eric\.m2\repository\org\apache\maven\plugin-tools\maven-plugin-annotations\3.5.2\maven-plugin-annotations-3.5.2.jar;C:\Users\Eric\.m2\repository\org\apache\maven\surefire\surefire-api\2.22.2\surefire-api-2.22.2.jar;C:\Users\Eric\.m2\repository\org\apache\maven\surefire\surefire-logger-api\2.22.2\surefire-logger-api-2.22.2.jar;C:\Users\Eric\.m2\repository\org\apache\maven\surefire\surefire-booter\2.22.2\surefire-booter-2.22.2.jar;C:\Users\Eric\.m2\repository\org\apache\maven\maven-artifact\2.2.1\maven-artifact-2.2.1.jar;C:\Users\Eric\.m2\repository\org\apache\maven\maven-plugin-descriptor\2.2.1\maven-plugin-descriptor-2.2.1.jar;C:\Users\Eric\.m2\repository\org\apache\maven\maven-project\2.2.1\maven-project-2.2.1.jar;C:\Users\Eric\.m2\repository\org\apache\maven\maven-profile\2.2.1\maven-profile-2.2.1.jar;C:\Users\Eric\.m2\repository\org\apache\maven\maven-artifact-manager\2.2.1\maven-artifact-manager-2.2.1.jar;C:\Users\Eric\.m2\repository\backport-util-concurrent\backport-util-concurrent\3.1\backport-util-concurrent-3.1.jar;C:\Users\Eric\.m2\repository\org\apache\maven\maven-plugin-registry\2.2.1\maven-plugin-registry-2.2.1.jar;C:\Users\Eric\.m2\repository\org\apache\maven\maven-model\2.2.1\maven-model-2.2.1.jar;C:\Users\Eric\.m2\repository\org\apache\maven\maven-toolchain\2.2.1\maven-toolchain-2.2.1.jar;C:\Users\Eric\.m2\repository\org\codehaus\plexus\plexus-java\0.9.10\plexus-java-0.9.10.jar;C:\Users\Eric\.m2\repository\com\thoughtworks\qdox\qdox\2.0-M8\qdox-2.0-M8.jar;C:\Users\Eric\.m2\repository\org\junit\vintage\junit-vintage-engine\5.8.0-M1\junit-vintage-engine-5.8.0-M1.jar;C:\Users\Eric\.m2\repository\org\apiguardian\apiguardian-api\1.1.1\apiguardian-api-1.1.1.jar;C:\Users\Eric\.m2\repository\org\junit\platform\junit-platform-engine\1.8.0-M1\junit-platform-engine-1.8.0-M1.jar;C:\Users\Eric\.m2\repository\org\junit\jupiter\junit-jupiter-api\5.8.0-M1\junit-jupiter-api-5.8.0-M1.jar;C:\Users\Eric\.m2\repository\org\opentest4j\opentest4j\1.2.0\opentest4j-1.2.0.jar;C:\Users\Eric\.m2\repository\org\junit\platform\junit-platform-commons\1.8.0-M1\junit-platform-commons-1.8.0-M1.jar;C:\Users\Eric\.m2\repository\org\junit\jupiter\junit-jupiter-engine\5.8.0-M1\junit-jupiter-engine-5.8.0-M1.jar;C:\Users\Eric\.m2\repository\org\jetbrains\kotlin\kotlin-stdlib-jdk8\1.2.51\kotlin-stdlib-jdk8-1.2.51.jar;C:\Users\Eric\.m2\repository\org\jetbrains\kotlin\kotlin-stdlib\1.2.51\kotlin-stdlib-1.2.51.jar;C:\Users\Eric\.m2\repository\org\jetbrains\kotlin\kotlin-stdlib-common\1.2.51\kotlin-stdlib-common-1.2.51.jar;C:\Users\Eric\.m2\repository\org\jetbrains\annotations\13.0\annotations-13.0.jar;C:\Users\Eric\.m2\repository\org\jetbrains\kotlin\kotlin-stdlib-jdk7\1.2.51\kotlin-stdlib-jdk7-1.2.51.jar;C:\Users\Eric\.m2\repository\org\junit\jupiter\junit-jupiter-params\5.8.0-M1\junit-jupiter-params-5.8.0-M1.jar;C:\Users\Eric\.m2\repository\org\mockito\mockito-junit-jupiter\2.23.4\mockito-junit-jupiter-2.23.4.jar;C:\Users\Eric\.m2\repository\org\jacoco\jacoco-maven-plugin\0.8.7\jacoco-maven-plugin-0.8.7.jar;C:\Users\Eric\.m2\repository\org\apache\maven\maven-plugin-api\3.0\maven-plugin-api-3.0.jar;C:\Users\Eric\.m2\repository\org\sonatype\sisu\sisu-inject-plexus\1.4.2\sisu-inject-plexus-1.4.2.jar;C:\Users\Eric\.m2\repository\org\sonatype\sisu\sisu-inject-bean\1.4.2\sisu-inject-bean-1.4.2.jar;C:\Users\Eric\.m2\repository\org\sonatype\sisu\sisu-guice\2.1.7\sisu-guice-2.1.7-noaop.jar;C:\Users\Eric\.m2\repository\org\apache\maven\maven-core\3.0\maven-core-3.0.jar;C:\Users\Eric\.m2\repository\org\apache\maven\maven-settings\3.0\maven-settings-3.0.jar;C:\Users\Eric\.m2\repository\org\apache\maven\maven-settings-builder\3.0\maven-settings-builder-3.0.jar;C:\Users\Eric\.m2\repository\org\apache\maven\maven-repository-metadata\3.0\maven-repository-metadata-3.0.jar;C:\Users\Eric\.m2\repository\org\apache\maven\maven-model-builder\3.0\maven-model-builder-3.0.jar;C:\Users\Eric\.m2\repository\org\apache\maven\maven-aether-provider\3.0\maven-aether-provider-3.0.jar;C:\Users\Eric\.m2\repository\org\sonatype\aether\aether-impl\1.7\aether-impl-1.7.jar;C:\Users\Eric\.m2\repository\org\sonatype\aether\aether-spi\1.7\aether-spi-1.7.jar;C:\Users\Eric\.m2\repository\org\sonatype\aether\aether-api\1.7\aether-api-1.7.jar;C:\Users\Eric\.m2\repository\org\sonatype\aether\aether-util\1.7\aether-util-1.7.jar;C:\Users\Eric\.m2\repository\org\codehaus\plexus\plexus-interpolation\1.14\plexus-interpolation-1.14.jar;C:\Users\Eric\.m2\repository\org\codehaus\plexus\plexus-classworlds\2.2.3\plexus-classworlds-2.2.3.jar;C:\Users\Eric\.m2\repository\org\codehaus\plexus\plexus-component-annotations\1.5.5\plexus-component-annotations-1.5.5.jar;C:\Users\Eric\.m2\repository\org\sonatype\plexus\plexus-sec-dispatcher\1.3\plexus-sec-dispatcher-1.3.jar;C:\Users\Eric\.m2\repository\org\sonatype\plexus\plexus-cipher\1.4\plexus-cipher-1.4.jar;C:\Users\Eric\.m2\repository\org\codehaus\plexus\plexus-utils\3.0.22\plexus-utils-3.0.22.jar;C:\Users\Eric\.m2\repository\org\apache\maven\shared\file-management\1.2.1\file-management-1.2.1.jar;C:\Users\Eric\.m2\repository\org\apache\maven\shared\maven-shared-io\1.1\maven-shared-io-1.1.jar;C:\Users\Eric\.m2\repository\org\apache\maven\wagon\wagon-provider-api\1.0-alpha-6\wagon-provider-api-1.0-alpha-6.jar;C:\Users\Eric\.m2\repository\org\codehaus\plexus\plexus-container-default\1.0-alpha-9\plexus-container-default-1.0-alpha-9.jar;C:\Users\Eric\.m2\repository\classworlds\classworlds\1.1-alpha-2\classworlds-1.1-alpha-2.jar;C:\Users\Eric\.m2\repository\org\apache\maven\reporting\maven-reporting-api\3.0\maven-reporting-api-3.0.jar;C:\Users\Eric\.m2\repository\org\apache\maven\doxia\doxia-sink-api\1.0\doxia-sink-api-1.0.jar;C:\Users\Eric\.m2\repository\org\jacoco\org.jacoco.agent\0.8.7\org.jacoco.agent-0.8.7-runtime.jar;C:\Users\Eric\.m2\repository\org\jacoco\org.jacoco.core\0.8.7\org.jacoco.core-0.8.7.jar;C:\Users\Eric\.m2\repository\org\ow2\asm\asm\9.1\asm-9.1.jar;C:\Users\Eric\.m2\repository\org\ow2\asm\asm-commons\9.1\asm-commons-9.1.jar;C:\Users\Eric\.m2\repository\org\ow2\asm\asm-analysis\9.1\asm-analysis-9.1.jar;C:\Users\Eric\.m2\repository\org\ow2\asm\asm-tree\9.1\asm-tree-9.1.jar;C:\Users\Eric\.m2\repository\org\jacoco\org.jacoco.report\0.8.7\org.jacoco.report-0.8.7.jar;"/>
    <property name="sun.cpu.endian" value="little"/>
    <property name="user.home" value="C:\Users\Eric"/>
    <property name="user.language" value="fr"/>
    <property name="java.specification.vendor" value="Oracle Corporation"/>
    <property name="java.home" value="C:\Program Files\Java\jdk1.8.0_202\jre"/>
    <property name="basedir" value="D:\Openclassrooms\Projet7\JavaDA_PROJECT7_RESTAPI\Poseiden-skeleton"/>
    <property name="file.separator" value="\"/>
    <property name="line.separator" value="&#10;"/>
    <property name="java.vm.specification.vendor" value="Oracle Corporation"/>
    <property name="java.specification.name" value="Java Platform API Specification"/>
    <property name="java.awt.graphicsenv" value="sun.awt.Win32GraphicsEnvironment"/>
    <property name="surefire.real.class.path" value="C:\Users\Eric\AppData\Local\Temp\surefire238438740145012030\surefirebooter3704995620174293734.jar;C:\\Users\\Eric\\.m2\\repository\\org\\jacoco\\org.jacoco.agent\\0.8.7\\org.jacoco.agent-0.8.7-runtime.jar"/>
    <property name="sun.boot.class.path" value="C:\Program Files\Java\jdk1.8.0_202\jre\lib\resources.jar;C:\Program Files\Java\jdk1.8.0_202\jre\lib\rt.jar;C:\Program Files\Java\jdk1.8.0_202\jre\lib\sunrsasign.jar;C:\Program Files\Java\jdk1.8.0_202\jre\lib\jsse.jar;C:\Program Files\Java\jdk1.8.0_202\jre\lib\jce.jar;C:\Program Files\Java\jdk1.8.0_202\jre\lib\charsets.jar;C:\Program Files\Java\jdk1.8.0_202\jre\lib\jfr.jar;C:\Program Files\Java\jdk1.8.0_202\jre\classes"/>
    <property name="user.script" value=""/>
    <property name="sun.management.compiler" value="HotSpot 64-Bit Tiered Compilers"/>
    <property name="java.runtime.version" value="1.8.0_202-b08"/>
    <property name="user.name" value="Eric"/>
    <property name="path.separator" value=";"/>
    <property name="os.version" value="10.0"/>
    <property name="java.endorsed.dirs" value="C:\Program Files\Java\jdk1.8.0_202\jre\lib\endorsed"/>
    <property name="java.runtime.name" value="Java(TM) SE Runtime Environment"/>
    <property name="file.encoding" value="Cp1252"/>
    <property name="java.vm.name" value="Java HotSpot(TM) 64-Bit Server VM"/>
    <property name="localRepository" value="C:\Users\Eric\.m2\repository"/>
    <property name="java.vendor.url.bug" value="http://bugreport.sun.com/bugreport/"/>
    <property name="java.io.tmpdir" value="C:\Users\Eric\AppData\Local\Temp\"/>
    <property name="java.version" value="1.8.0_202"/>
    <property name="user.dir" value="D:\Openclassrooms\Projet7\JavaDA_PROJECT7_RESTAPI\Poseiden-skeleton"/>
    <property name="os.arch" value="amd64"/>
    <property name="java.vm.specification.name" value="Java Virtual Machine Specification"/>
    <property name="java.awt.printerjob" value="sun.awt.windows.WPrinterJob"/>
    <property name="sun.os.patch.level" value=""/>
    <property name="java.library.path" value="C:\Program Files\Java\jdk1.8.0_202\jre\bin;C:\WINDOWS\Sun\Java\bin;C:\WINDOWS\system32;C:\WINDOWS;C:\Program Files\Oculus\Support\oculus-runtime;C:\Program Files\Common Files\Oracle\Java\javapath;C:\Program Files (x86)\Common Files\Oracle\Java\javapath;C:\Windows\system32;C:\Windows;C:\Windows\System32\Wbem;C:\Windows\System32\WindowsPowerShell\v1.0\;C:\Windows\System32\OpenSSH\;C:\Program Files\NVIDIA Corporation\NVIDIA NvDLISR;C:\Program Files (x86)\NVIDIA Corporation\PhysX\Common;C:\Program Files\Git\cmd;C:\WINDOWS\system32;C:\WINDOWS;C:\WINDOWS\System32\Wbem;C:\WINDOWS\System32\WindowsPowerShell\v1.0\;C:\WINDOWS\System32\OpenSSH\;C:\Program Files\Docker\Docker\resources\bin;C:\ProgramData\DockerDesktop\version-bin;C:\Program Files\MySQL\MySQL Shell 8.0\bin\;C:\Users\Eric\AppData\Local\Microsoft\WindowsApps;C:\Users\Eric\AppData\Local\Programs\Microsoft VS Code\bin;C:\Program Files\apache-maven-3.6.3\bin;C:\Program Files\Java\jdk1.8.0_202;C:\Program Files\apache-log4j-1.2.17;;."/>
    <property name="java.vm.info" value="mixed mode"/>
    <property name="java.vendor" value="Oracle Corporation"/>
    <property name="java.vm.version" value="25.202-b08"/>
    <property name="java.ext.dirs" value="C:\Program Files\Java\jdk1.8.0_202\jre\lib\ext;C:\WINDOWS\Sun\Java\lib\ext"/>
    <property name="sun.io.unicode.encoding" value="UnicodeLittle"/>
    <property name="java.class.version" value="52.0"/>
  </properties>
  <testcase name="testUpdateBidListThenNotValid" classname="com.nnk.springboot.testController.BidListControllerTest" time="0.005"/>
  <testcase name="testUpdateBidListThenValid" classname="com.nnk.springboot.testController.BidListControllerTest" time="0.001">
    <error type="java.lang.NullPointerException">java.lang.NullPointerException
	at com.nnk.springboot.testController.BidListControllerTest.testUpdateBidListThenValid(BidListControllerTest.java:201)
</error>
  </testcase>
  <testcase name="testUpdateBidListThenValidError" classname="com.nnk.springboot.testController.BidListControllerTest" time="0.003"/>
  <testcase name="testDeleteBidListWhenBidListIsPresent" classname="com.nnk.springboot.testController.BidListControllerTest" time="0">
    <error message="Unknown entity: com.nnk.springboot.domain.BidList$MockitoMock$649153710; nested exception is java.lang.IllegalArgumentException: Unknown entity: com.nnk.springboot.domain.BidList$MockitoMock$649153710" type="org.springframework.dao.InvalidDataAccessApiUsageException">org.springframework.dao.InvalidDataAccessApiUsageException: Unknown entity: com.nnk.springboot.domain.BidList$MockitoMock$649153710; nested exception is java.lang.IllegalArgumentException: Unknown entity: com.nnk.springboot.domain.BidList$MockitoMock$649153710
	at com.nnk.springboot.testController.BidListControllerTest.testDeleteBidListWhenBidListIsPresent(BidListControllerTest.java:229)
Caused by: java.lang.IllegalArgumentException: Unknown entity: com.nnk.springboot.domain.BidList$MockitoMock$649153710
	at com.nnk.springboot.testController.BidListControllerTest.testDeleteBidListWhenBidListIsPresent(BidListControllerTest.java:229)
Caused by: org.hibernate.MappingException: Unknown entity: com.nnk.springboot.domain.BidList$MockitoMock$649153710
	at com.nnk.springboot.testController.BidListControllerTest.testDeleteBidListWhenBidListIsPresent(BidListControllerTest.java:229)
</error>
  </testcase>
  <testcase name="testUpdateBidListWhenBidListIsInvalid" classname="com.nnk.springboot.testController.BidListControllerTest" time="0"/>
  <testcase name="testCreateBidList" classname="com.nnk.springboot.testController.BidListControllerTest" time="0.118">
    <error message="&#10;BidList cannot be returned by getBidListId()&#10;getBidListId() should return Integer&#10;***&#10;If you&apos;re unsure why you&apos;re getting above error read on.&#10;Due to the nature of the syntax above problem might occur because:&#10;1. This exception *might* occur in wrongly written multi-threaded tests.&#10;   Please refer to Mockito FAQ on limitations of concurrency testing.&#10;2. A spy is stubbed using when(spy.foo()).then() syntax. It is safer to stub spies - &#10;   - with doReturn|Throw() family of methods. More in javadocs for Mockito.spy() method.&#10;" type="org.mockito.exceptions.misusing.WrongTypeOfReturnValue">org.mockito.exceptions.misusing.WrongTypeOfReturnValue: 

BidList cannot be returned by getBidListId()
getBidListId() should return Integer
***
If you're unsure why you're getting above error read on.
Due to the nature of the syntax above problem might occur because:
1. This exception *might* occur in wrongly written multi-threaded tests.
   Please refer to Mockito FAQ on limitations of concurrency testing.
2. A spy is stubbed using when(spy.foo()).then() syntax. It is safer to stub spies - 
   - with doReturn|Throw() family of methods. More in javadocs for Mockito.spy() method.

	at com.nnk.springboot.testController.BidListControllerTest.testCreateBidList(BidListControllerTest.java:97)
</error>
    <system-out><![CDATA[2021-11-21 14:07:17.991 DEBUG 5580 --- [           main] org.hibernate.SQL                        : select bidlist0_.bid_list_id as bid_list1_0_0_, bidlist0_.account as account2_0_0_, bidlist0_.ask as ask3_0_0_, bidlist0_.ask_quantity as ask_quan4_0_0_, bidlist0_.benchmark as benchmar5_0_0_, bidlist0_.bid as bid6_0_0_, bidlist0_.bidquantity as bidquant7_0_0_, bidlist0_.book as book8_0_0_, bidlist0_.commentary as commenta9_0_0_, bidlist0_.creation_name as creatio10_0_0_, bidlist0_.deal_name as deal_na11_0_0_, bidlist0_.deal_type as deal_ty12_0_0_, bidlist0_.revision_name as revisio13_0_0_, bidlist0_.security as securit14_0_0_, bidlist0_.side as side15_0_0_, bidlist0_.source_list_id as source_16_0_0_, bidlist0_.status as status17_0_0_, bidlist0_.trader as trader18_0_0_, bidlist0_.type as type19_0_0_ from bidlist bidlist0_ where bidlist0_.bid_list_id=?
Hibernate: select bidlist0_.bid_list_id as bid_list1_0_0_, bidlist0_.account as account2_0_0_, bidlist0_.ask as ask3_0_0_, bidlist0_.ask_quantity as ask_quan4_0_0_, bidlist0_.benchmark as benchmar5_0_0_, bidlist0_.bid as bid6_0_0_, bidlist0_.bidquantity as bidquant7_0_0_, bidlist0_.book as book8_0_0_, bidlist0_.commentary as commenta9_0_0_, bidlist0_.creation_name as creatio10_0_0_, bidlist0_.deal_name as deal_na11_0_0_, bidlist0_.deal_type as deal_ty12_0_0_, bidlist0_.revision_name as revisio13_0_0_, bidlist0_.security as securit14_0_0_, bidlist0_.side as side15_0_0_, bidlist0_.source_list_id as source_16_0_0_, bidlist0_.status as status17_0_0_, bidlist0_.trader as trader18_0_0_, bidlist0_.type as type19_0_0_ from bidlist bidlist0_ where bidlist0_.bid_list_id=?
2021-11-21 14:07:17.998 TRACE 5580 --- [           main] o.h.type.descriptor.sql.BasicBinder      : binding parameter [1] as [INTEGER] - [1]
2021-11-21 14:07:18.025 DEBUG 5580 --- [           main] org.hibernate.SQL                        : select next_val as id_val from hibernate_sequence for update
Hibernate: select next_val as id_val from hibernate_sequence for update
2021-11-21 14:07:18.026 DEBUG 5580 --- [           main] org.hibernate.SQL                        : update hibernate_sequence set next_val= ? where next_val=?
Hibernate: update hibernate_sequence set next_val= ? where next_val=?
2021-11-21 14:07:18.049 DEBUG 5580 --- [           main] org.hibernate.SQL                        : insert into bidlist (account, ask, ask_quantity, benchmark, bid, bidquantity, book, commentary, creation_name, deal_name, deal_type, revision_name, security, side, source_list_id, status, trader, type, bid_list_id) values (?, ?, ?, ?, ?, ?, ?, ?, ?, ?, ?, ?, ?, ?, ?, ?, ?, ?, ?)
Hibernate: insert into bidlist (account, ask, ask_quantity, benchmark, bid, bidquantity, book, commentary, creation_name, deal_name, deal_type, revision_name, security, side, source_list_id, status, trader, type, bid_list_id) values (?, ?, ?, ?, ?, ?, ?, ?, ?, ?, ?, ?, ?, ?, ?, ?, ?, ?, ?)
2021-11-21 14:07:18.050 TRACE 5580 --- [           main] o.h.type.descriptor.sql.BasicBinder      : binding parameter [1] as [VARCHAR] - [accounts]
2021-11-21 14:07:18.051 TRACE 5580 --- [           main] o.h.type.descriptor.sql.BasicBinder      : binding parameter [2] as [DOUBLE] - [null]
2021-11-21 14:07:18.051 TRACE 5580 --- [           main] o.h.type.descriptor.sql.BasicBinder      : binding parameter [3] as [DOUBLE] - [null]
2021-11-21 14:07:18.051 TRACE 5580 --- [           main] o.h.type.descriptor.sql.BasicBinder      : binding parameter [4] as [VARCHAR] - [null]
2021-11-21 14:07:18.051 TRACE 5580 --- [           main] o.h.type.descriptor.sql.BasicBinder      : binding parameter [5] as [DOUBLE] - [null]
2021-11-21 14:07:18.051 TRACE 5580 --- [           main] o.h.type.descriptor.sql.BasicBinder      : binding parameter [6] as [DOUBLE] - [15.4]
2021-11-21 14:07:18.051 TRACE 5580 --- [           main] o.h.type.descriptor.sql.BasicBinder      : binding parameter [7] as [VARCHAR] - [null]
2021-11-21 14:07:18.051 TRACE 5580 --- [           main] o.h.type.descriptor.sql.BasicBinder      : binding parameter [8] as [VARCHAR] - [null]
2021-11-21 14:07:18.051 TRACE 5580 --- [           main] o.h.type.descriptor.sql.BasicBinder      : binding parameter [9] as [VARCHAR] - [null]
2021-11-21 14:07:18.052 TRACE 5580 --- [           main] o.h.type.descriptor.sql.BasicBinder      : binding parameter [10] as [VARCHAR] - [null]
2021-11-21 14:07:18.052 TRACE 5580 --- [           main] o.h.type.descriptor.sql.BasicBinder      : binding parameter [11] as [VARCHAR] - [null]
2021-11-21 14:07:18.052 TRACE 5580 --- [           main] o.h.type.descriptor.sql.BasicBinder      : binding parameter [12] as [VARCHAR] - [null]
2021-11-21 14:07:18.052 TRACE 5580 --- [           main] o.h.type.descriptor.sql.BasicBinder      : binding parameter [13] as [VARCHAR] - [null]
2021-11-21 14:07:18.052 TRACE 5580 --- [           main] o.h.type.descriptor.sql.BasicBinder      : binding parameter [14] as [VARCHAR] - [null]
2021-11-21 14:07:18.052 TRACE 5580 --- [           main] o.h.type.descriptor.sql.BasicBinder      : binding parameter [15] as [VARCHAR] - [null]
2021-11-21 14:07:18.052 TRACE 5580 --- [           main] o.h.type.descriptor.sql.BasicBinder      : binding parameter [16] as [VARCHAR] - [null]
2021-11-21 14:07:18.052 TRACE 5580 --- [           main] o.h.type.descriptor.sql.BasicBinder      : binding parameter [17] as [VARCHAR] - [null]
2021-11-21 14:07:18.052 TRACE 5580 --- [           main] o.h.type.descriptor.sql.BasicBinder      : binding parameter [18] as [VARCHAR] - [type]
2021-11-21 14:07:18.052 TRACE 5580 --- [           main] o.h.type.descriptor.sql.BasicBinder      : binding parameter [19] as [INTEGER] - [92]
]]></system-out>
  </testcase>
  <testcase name="testGetBidListById" classname="com.nnk.springboot.testController.BidListControllerTest" time="0.041">
    <error message="&#10;when() requires an argument which has to be &apos;a method call on a mock&apos;.&#10;For example:&#10;    when(mock.getArticles()).thenReturn(articles);&#10;&#10;Also, this error might show up because:&#10;1. you stub either of: final/private/equals()/hashCode() methods.&#10;   Those methods *cannot* be stubbed/verified.&#10;   Mocking methods declared on non-public parent classes is not supported.&#10;2. inside when() you don&apos;t call method on mock but on some other object.&#10;" type="org.mockito.exceptions.misusing.MissingMethodInvocationException">org.mockito.exceptions.misusing.MissingMethodInvocationException: 

when() requires an argument which has to be 'a method call on a mock'.
For example:
    when(mock.getArticles()).thenReturn(articles);

Also, this error might show up because:
1. you stub either of: final/private/equals()/hashCode() methods.
   Those methods *cannot* be stubbed/verified.
   Mocking methods declared on non-public parent classes is not supported.
2. inside when() you don't call method on mock but on some other object.

	at com.nnk.springboot.testController.BidListControllerTest.testGetBidListById(BidListControllerTest.java:130)
</error>
    <system-out><![CDATA[2021-11-21 14:07:18.071 DEBUG 5580 --- [           main] org.hibernate.SQL                        : select bidlist0_.bid_list_id as bid_list1_0_0_, bidlist0_.account as account2_0_0_, bidlist0_.ask as ask3_0_0_, bidlist0_.ask_quantity as ask_quan4_0_0_, bidlist0_.benchmark as benchmar5_0_0_, bidlist0_.bid as bid6_0_0_, bidlist0_.bidquantity as bidquant7_0_0_, bidlist0_.book as book8_0_0_, bidlist0_.commentary as commenta9_0_0_, bidlist0_.creation_name as creatio10_0_0_, bidlist0_.deal_name as deal_na11_0_0_, bidlist0_.deal_type as deal_ty12_0_0_, bidlist0_.revision_name as revisio13_0_0_, bidlist0_.security as securit14_0_0_, bidlist0_.side as side15_0_0_, bidlist0_.source_list_id as source_16_0_0_, bidlist0_.status as status17_0_0_, bidlist0_.trader as trader18_0_0_, bidlist0_.type as type19_0_0_ from bidlist bidlist0_ where bidlist0_.bid_list_id=?
Hibernate: select bidlist0_.bid_list_id as bid_list1_0_0_, bidlist0_.account as account2_0_0_, bidlist0_.ask as ask3_0_0_, bidlist0_.ask_quantity as ask_quan4_0_0_, bidlist0_.benchmark as benchmar5_0_0_, bidlist0_.bid as bid6_0_0_, bidlist0_.bidquantity as bidquant7_0_0_, bidlist0_.book as book8_0_0_, bidlist0_.commentary as commenta9_0_0_, bidlist0_.creation_name as creatio10_0_0_, bidlist0_.deal_name as deal_na11_0_0_, bidlist0_.deal_type as deal_ty12_0_0_, bidlist0_.revision_name as revisio13_0_0_, bidlist0_.security as securit14_0_0_, bidlist0_.side as side15_0_0_, bidlist0_.source_list_id as source_16_0_0_, bidlist0_.status as status17_0_0_, bidlist0_.trader as trader18_0_0_, bidlist0_.type as type19_0_0_ from bidlist bidlist0_ where bidlist0_.bid_list_id=?
2021-11-21 14:07:18.072 TRACE 5580 --- [           main] o.h.type.descriptor.sql.BasicBinder      : binding parameter [1] as [INTEGER] - [1]
]]></system-out>
  </testcase>
  <testcase name="testGetBidListHome" classname="com.nnk.springboot.testController.BidListControllerTest" time="0">
    <error type="java.lang.NullPointerException">java.lang.NullPointerException
	at com.nnk.springboot.testController.BidListControllerTest.testGetBidListHome(BidListControllerTest.java:148)
</error>
  </testcase>
  <testcase name="testGetBidListThenNotValid" classname="com.nnk.springboot.testController.BidListControllerTest" time="0">
    <error type="java.lang.NullPointerException">java.lang.NullPointerException
	at com.nnk.springboot.testController.BidListControllerTest.testGetBidListThenNotValid(BidListControllerTest.java:139)
</error>
  </testcase>
  <testcase name="testIllegalArgumentUpdateBidList" classname="com.nnk.springboot.testController.BidListControllerTest" time="0">
    <error type="java.lang.NullPointerException">java.lang.NullPointerException
	at com.nnk.springboot.testController.BidListControllerTest.testIllegalArgumentUpdateBidList(BidListControllerTest.java:187)
</error>
  </testcase>
  <testcase name="testUpdateBidList" classname="com.nnk.springboot.testController.BidListControllerTest" time="0">
    <error type="java.lang.NullPointerException">java.lang.NullPointerException
	at com.nnk.springboot.testController.BidListControllerTest.testUpdateBidList(BidListControllerTest.java:157)
</error>
  </testcase>
  <testcase name="testCreateBidListThenValid" classname="com.nnk.springboot.testController.BidListControllerTest" time="0.005">
    <error type="java.lang.NullPointerException">java.lang.NullPointerException
	at com.nnk.springboot.testController.BidListControllerTest.testCreateBidListThenValid(BidListControllerTest.java:112)
</error>
    <system-out><![CDATA[2021-11-21 14:07:18.093  INFO 5580 --- [           main] c.n.s.controllers.BidListController      :  SUCCESS POST /bidList/validate
]]></system-out>
  </testcase>
  <testcase name="testUpdateBidListWhenBidListIsPresent" classname="com.nnk.springboot.testController.BidListControllerTest" time="0.036">
    <error message="&#10;Optional cannot be returned by getBidQuantity()&#10;getBidQuantity() should return Double&#10;***&#10;If you&apos;re unsure why you&apos;re getting above error read on.&#10;Due to the nature of the syntax above problem might occur because:&#10;1. This exception *might* occur in wrongly written multi-threaded tests.&#10;   Please refer to Mockito FAQ on limitations of concurrency testing.&#10;2. A spy is stubbed using when(spy.foo()).then() syntax. It is safer to stub spies - &#10;   - with doReturn|Throw() family of methods. More in javadocs for Mockito.spy() method.&#10;" type="org.mockito.exceptions.misusing.WrongTypeOfReturnValue">org.mockito.exceptions.misusing.WrongTypeOfReturnValue: 

Optional cannot be returned by getBidQuantity()
getBidQuantity() should return Double
***
If you're unsure why you're getting above error read on.
Due to the nature of the syntax above problem might occur because:
1. This exception *might* occur in wrongly written multi-threaded tests.
   Please refer to Mockito FAQ on limitations of concurrency testing.
2. A spy is stubbed using when(spy.foo()).then() syntax. It is safer to stub spies - 
   - with doReturn|Throw() family of methods. More in javadocs for Mockito.spy() method.

	at com.nnk.springboot.testController.BidListControllerTest.testUpdateBidListWhenBidListIsPresent(BidListControllerTest.java:166)
</error>
    <system-out><![CDATA[2021-11-21 14:07:18.097 DEBUG 5580 --- [           main] org.hibernate.SQL                        : select bidlist0_.bid_list_id as bid_list1_0_0_, bidlist0_.account as account2_0_0_, bidlist0_.ask as ask3_0_0_, bidlist0_.ask_quantity as ask_quan4_0_0_, bidlist0_.benchmark as benchmar5_0_0_, bidlist0_.bid as bid6_0_0_, bidlist0_.bidquantity as bidquant7_0_0_, bidlist0_.book as book8_0_0_, bidlist0_.commentary as commenta9_0_0_, bidlist0_.creation_name as creatio10_0_0_, bidlist0_.deal_name as deal_na11_0_0_, bidlist0_.deal_type as deal_ty12_0_0_, bidlist0_.revision_name as revisio13_0_0_, bidlist0_.security as securit14_0_0_, bidlist0_.side as side15_0_0_, bidlist0_.source_list_id as source_16_0_0_, bidlist0_.status as status17_0_0_, bidlist0_.trader as trader18_0_0_, bidlist0_.type as type19_0_0_ from bidlist bidlist0_ where bidlist0_.bid_list_id=?
Hibernate: select bidlist0_.bid_list_id as bid_list1_0_0_, bidlist0_.account as account2_0_0_, bidlist0_.ask as ask3_0_0_, bidlist0_.ask_quantity as ask_quan4_0_0_, bidlist0_.benchmark as benchmar5_0_0_, bidlist0_.bid as bid6_0_0_, bidlist0_.bidquantity as bidquant7_0_0_, bidlist0_.book as book8_0_0_, bidlist0_.commentary as commenta9_0_0_, bidlist0_.creation_name as creatio10_0_0_, bidlist0_.deal_name as deal_na11_0_0_, bidlist0_.deal_type as deal_ty12_0_0_, bidlist0_.revision_name as revisio13_0_0_, bidlist0_.security as securit14_0_0_, bidlist0_.side as side15_0_0_, bidlist0_.source_list_id as source_16_0_0_, bidlist0_.status as status17_0_0_, bidlist0_.trader as trader18_0_0_, bidlist0_.type as type19_0_0_ from bidlist bidlist0_ where bidlist0_.bid_list_id=?
2021-11-21 14:07:18.097 TRACE 5580 --- [           main] o.h.type.descriptor.sql.BasicBinder      : binding parameter [1] as [INTEGER] - [1]
]]></system-out>
  </testcase>
  <testcase name="testIllegalArgumentDeleteBidList" classname="com.nnk.springboot.testController.BidListControllerTest" time="0">
    <error type="java.lang.NullPointerException">java.lang.NullPointerException
	at com.nnk.springboot.testController.BidListControllerTest.testIllegalArgumentDeleteBidList(BidListControllerTest.java:242)
</error>
  </testcase>
  <testcase name="testCreateBidListThenNotValid" classname="com.nnk.springboot.testController.BidListControllerTest" time="0.003"/>
</testsuite>